[2015-05-18 15:07:58] local.ERROR: exception 'PDOException' with message 'SQLSTATE[42S22]: Column not found: 1054 Unknown column 'QuaTrinhThucTap.id' in 'where clause'' in D:\xampp\htdocs\ql_sinhvien\qlsinhvien\trunk\vendor\laravel\framework\src\Illuminate\Database\Connection.php:288
Stack trace:
#0 D:\xampp\htdocs\ql_sinhvien\qlsinhvien\trunk\vendor\laravel\framework\src\Illuminate\Database\Connection.php(288): PDO->prepare('select * from `...')
#1 D:\xampp\htdocs\ql_sinhvien\qlsinhvien\trunk\vendor\laravel\framework\src\Illuminate\Database\Connection.php(612): Illuminate\Database\Connection->Illuminate\Database\{closure}(Object(Illuminate\Database\MySqlConnection), 'select * from `...', Array)
#2 D:\xampp\htdocs\ql_sinhvien\qlsinhvien\trunk\vendor\laravel\framework\src\Illuminate\Database\Connection.php(576): Illuminate\Database\Connection->runQueryCallback('select * from `...', Array, Object(Closure))
#3 D:\xampp\htdocs\ql_sinhvien\qlsinhvien\trunk\vendor\laravel\framework\src\Illuminate\Database\Connection.php(293): Illuminate\Database\Connection->run('select * from `...', Array, Object(Closure))
#4 D:\xampp\htdocs\ql_sinhvien\qlsinhvien\trunk\vendor\laravel\framework\src\Illuminate\Database\Query\Builder.php(1377): Illuminate\Database\Connection->select('select * from `...', Array, true)
#5 D:\xampp\htdocs\ql_sinhvien\qlsinhvien\trunk\vendor\laravel\framework\src\Illuminate\Database\Query\Builder.php(1367): Illuminate\Database\Query\Builder->runSelect()
#6 D:\xampp\htdocs\ql_sinhvien\qlsinhvien\trunk\vendor\laravel\framework\src\Illuminate\Database\Query\Builder.php(1354): Illuminate\Database\Query\Builder->getFresh(Array)
#7 D:\xampp\htdocs\ql_sinhvien\qlsinhvien\trunk\vendor\laravel\framework\src\Illuminate\Database\Eloquent\Builder.php(380): Illuminate\Database\Query\Builder->get(Array)
#8 D:\xampp\htdocs\ql_sinhvien\qlsinhvien\trunk\vendor\laravel\framework\src\Illuminate\Database\Eloquent\Builder.php(162): Illuminate\Database\Eloquent\Builder->getModels(Array)
#9 D:\xampp\htdocs\ql_sinhvien\qlsinhvien\trunk\vendor\laravel\framework\src\Illuminate\Database\Eloquent\Builder.php(136): Illuminate\Database\Eloquent\Builder->get(Array)
#10 D:\xampp\htdocs\ql_sinhvien\qlsinhvien\trunk\vendor\laravel\framework\src\Illuminate\Database\Eloquent\Builder.php(84): Illuminate\Database\Eloquent\Builder->first(Array)
#11 D:\xampp\htdocs\ql_sinhvien\qlsinhvien\trunk\vendor\compiled.php(9454): Illuminate\Database\Eloquent\Builder->find('1', Array)
#12 D:\xampp\htdocs\ql_sinhvien\qlsinhvien\trunk\app\Http\Controllers\QuaTrinhThucTapController.php(50): Illuminate\Database\Eloquent\Model::find('1')
#13 [internal function]: App\Http\Controllers\quatrinhthuctapController->view('1')
#14 D:\xampp\htdocs\ql_sinhvien\qlsinhvien\trunk\vendor\compiled.php(8287): call_user_func_array(Array, Array)
#15 D:\xampp\htdocs\ql_sinhvien\qlsinhvien\trunk\vendor\compiled.php(8354): Illuminate\Routing\Controller->callAction('view', Array)
#16 D:\xampp\htdocs\ql_sinhvien\qlsinhvien\trunk\vendor\compiled.php(8333): Illuminate\Routing\ControllerDispatcher->call(Object(App\Http\Controllers\quatrinhthuctapController), Object(Illuminate\Routing\Route), 'view')
#17 [internal function]: Illuminate\Routing\ControllerDispatcher->Illuminate\Routing\{closure}(Object(Illuminate\Http\Request))
#18 D:\xampp\htdocs\ql_sinhvien\qlsinhvien\trunk\vendor\compiled.php(8952): call_user_func(Object(Closure), Object(Illuminate\Http\Request))
#19 D:\xampp\htdocs\ql_sinhvien\qlsinhvien\trunk\app\Http\Middleware\Authenticate.php(47): Illuminate\Pipeline\Pipeline->Illuminate\Pipeline\{closure}(Object(Illuminate\Http\Request))
#20 D:\xampp\htdocs\ql_sinhvien\qlsinhvien\trunk\vendor\compiled.php(8944): App\Http\Middleware\Authenticate->handle(Object(Illuminate\Http\Request), Object(Closure))
#21 [internal function]: Illuminate\Pipeline\Pipeline->Illuminate\Pipeline\{closure}(Object(Illuminate\Http\Request))
#22 D:\xampp\htdocs\ql_sinhvien\qlsinhvien\trunk\vendor\compiled.php(8935): call_user_func(Object(Closure), Object(Illuminate\Http\Request))
#23 D:\xampp\htdocs\ql_sinhvien\qlsinhvien\trunk\vendor\compiled.php(8334): Illuminate\Pipeline\Pipeline->then(Object(Closure))
#24 D:\xampp\htdocs\ql_sinhvien\qlsinhvien\trunk\vendor\compiled.php(8320): Illuminate\Routing\ControllerDispatcher->callWithinStack(Object(App\Http\Controllers\quatrinhthuctapController), Object(Illuminate\Routing\Route), Object(Illuminate\Http\Request), 'view')
#25 D:\xampp\htdocs\ql_sinhvien\qlsinhvien\trunk\vendor\compiled.php(7317): Illuminate\Routing\ControllerDispatcher->dispatch(Object(Illuminate\Routing\Route), Object(Illuminate\Http\Request), 'App\\Http\\Contro...', 'view')
#26 D:\xampp\htdocs\ql_sinhvien\qlsinhvien\trunk\vendor\compiled.php(7288): Illuminate\Routing\Route->runWithCustomDispatcher(Object(Illuminate\Http\Request))
#27 D:\xampp\htdocs\ql_sinhvien\qlsinhvien\trunk\vendor\compiled.php(6954): Illuminate\Routing\Route->run(Object(Illuminate\Http\Request))
#28 [internal function]: Illuminate\Routing\Router->Illuminate\Routing\{closure}(Object(Illuminate\Http\Request))
#29 D:\xampp\htdocs\ql_sinhvien\qlsinhvien\trunk\vendor\compiled.php(8952): call_user_func(Object(Closure), Object(Illuminate\Http\Request))
#30 [internal function]: Illuminate\Pipeline\Pipeline->Illuminate\Pipeline\{closure}(Object(Illuminate\Http\Request))
#31 D:\xampp\htdocs\ql_sinhvien\qlsinhvien\trunk\vendor\compiled.php(8935): call_user_func(Object(Closure), Object(Illuminate\Http\Request))
#32 D:\xampp\htdocs\ql_sinhvien\qlsinhvien\trunk\vendor\compiled.php(6955): Illuminate\Pipeline\Pipeline->then(Object(Closure))
#33 D:\xampp\htdocs\ql_sinhvien\qlsinhvien\trunk\vendor\compiled.php(6944): Illuminate\Routing\Router->runRouteWithinStack(Object(Illuminate\Routing\Route), Object(Illuminate\Http\Request))
#34 D:\xampp\htdocs\ql_sinhvien\qlsinhvien\trunk\vendor\compiled.php(6929): Illuminate\Routing\Router->dispatchToRoute(Object(Illuminate\Http\Request))
#35 D:\xampp\htdocs\ql_sinhvien\qlsinhvien\trunk\vendor\compiled.php(1935): Illuminate\Routing\Router->dispatch(Object(Illuminate\Http\Request))
#36 [internal function]: Illuminate\Foundation\Http\Kernel->Illuminate\Foundation\Http\{closure}(Object(Illuminate\Http\Request))
#37 D:\xampp\htdocs\ql_sinhvien\qlsinhvien\trunk\vendor\compiled.php(8952): call_user_func(Object(Closure), Object(Illuminate\Http\Request))
#38 D:\xampp\htdocs\ql_sinhvien\qlsinhvien\trunk\vendor\compiled.php(2438): Illuminate\Pipeline\Pipeline->Illuminate\Pipeline\{closure}(Object(Illuminate\Http\Request))
#39 D:\xampp\htdocs\ql_sinhvien\qlsinhvien\trunk\app\Http\Middleware\VerifyCsrfToken.php(17): Illuminate\Foundation\Http\Middleware\VerifyCsrfToken->handle(Object(Illuminate\Http\Request), Object(Closure))
#40 D:\xampp\htdocs\ql_sinhvien\qlsinhvien\trunk\vendor\compiled.php(8944): App\Http\Middleware\VerifyCsrfToken->handle(Object(Illuminate\Http\Request), Object(Closure))
#41 D:\xampp\htdocs\ql_sinhvien\qlsinhvien\trunk\vendor\compiled.php(12083): Illuminate\Pipeline\Pipeline->Illuminate\Pipeline\{closure}(Object(Illuminate\Http\Request))
#42 D:\xampp\htdocs\ql_sinhvien\qlsinhvien\trunk\vendor\compiled.php(8944): Illuminate\View\Middleware\ShareErrorsFromSession->handle(Object(Illuminate\Http\Request), Object(Closure))
#43 D:\xampp\htdocs\ql_sinhvien\qlsinhvien\trunk\vendor\compiled.php(10785): Illuminate\Pipeline\Pipeline->Illuminate\Pipeline\{closure}(Object(Illuminate\Http\Request))
#44 D:\xampp\htdocs\ql_sinhvien\qlsinhvien\trunk\vendor\compiled.php(8944): Illuminate\Session\Middleware\StartSession->handle(Object(Illuminate\Http\Request), Object(Closure))
#45 D:\xampp\htdocs\ql_sinhvien\qlsinhvien\trunk\vendor\compiled.php(11789): Illuminate\Pipeline\Pipeline->Illuminate\Pipeline\{closure}(Object(Illuminate\Http\Request))
#46 D:\xampp\htdocs\ql_sinhvien\qlsinhvien\trunk\vendor\compiled.php(8944): Illuminate\Cookie\Middleware\AddQueuedCookiesToResponse->handle(Object(Illuminate\Http\Request), Object(Closure))
#47 D:\xampp\htdocs\ql_sinhvien\qlsinhvien\trunk\vendor\compiled.php(11738): Illuminate\Pipeline\Pipeline->Illuminate\Pipeline\{closure}(Object(Illuminate\Http\Request))
#48 D:\xampp\htdocs\ql_sinhvien\qlsinhvien\trunk\vendor\compiled.php(8944): Illuminate\Cookie\Middleware\EncryptCookies->handle(Object(Illuminate\Http\Request), Object(Closure))
#49 D:\xampp\htdocs\ql_sinhvien\qlsinhvien\trunk\vendor\compiled.php(2478): Illuminate\Pipeline\Pipeline->Illuminate\Pipeline\{closure}(Object(Illuminate\Http\Request))
#50 D:\xampp\htdocs\ql_sinhvien\qlsinhvien\trunk\vendor\compiled.php(8944): Illuminate\Foundation\Http\Middleware\CheckForMaintenanceMode->handle(Object(Illuminate\Http\Request), Object(Closure))
#51 [internal function]: Illuminate\Pipeline\Pipeline->Illuminate\Pipeline\{closure}(Object(Illuminate\Http\Request))
#52 D:\xampp\htdocs\ql_sinhvien\qlsinhvien\trunk\vendor\compiled.php(8935): call_user_func(Object(Closure), Object(Illuminate\Http\Request))
#53 D:\xampp\htdocs\ql_sinhvien\qlsinhvien\trunk\vendor\compiled.php(1891): Illuminate\Pipeline\Pipeline->then(Object(Closure))
#54 D:\xampp\htdocs\ql_sinhvien\qlsinhvien\trunk\vendor\compiled.php(1880): Illuminate\Foundation\Http\Kernel->sendRequestThroughRouter(Object(Illuminate\Http\Request))
#55 D:\xampp\htdocs\ql_sinhvien\qlsinhvien\trunk\public\index.php(53): Illuminate\Foundation\Http\Kernel->handle(Object(Illuminate\Http\Request))
#56 {main}

Next exception 'Illuminate\Database\QueryException' with message 'SQLSTATE[42S22]: Column not found: 1054 Unknown column 'QuaTrinhThucTap.id' in 'where clause' (SQL: select * from `QuaTrinhThucTap` where `QuaTrinhThucTap`.`id` = 1 limit 1)' in D:\xampp\htdocs\ql_sinhvien\qlsinhvien\trunk\vendor\laravel\framework\src\Illuminate\Database\Connection.php:620
Stack trace:
#0 D:\xampp\htdocs\ql_sinhvien\qlsinhvien\trunk\vendor\laravel\framework\src\Illuminate\Database\Connection.php(576): Illuminate\Database\Connection->runQueryCallback('select * from `...', Array, Object(Closure))
#1 D:\xampp\htdocs\ql_sinhvien\qlsinhvien\trunk\vendor\laravel\framework\src\Illuminate\Database\Connection.php(293): Illuminate\Database\Connection->run('select * from `...', Array, Object(Closure))
#2 D:\xampp\htdocs\ql_sinhvien\qlsinhvien\trunk\vendor\laravel\framework\src\Illuminate\Database\Query\Builder.php(1377): Illuminate\Database\Connection->select('select * from `...', Array, true)
#3 D:\xampp\htdocs\ql_sinhvien\qlsinhvien\trunk\vendor\laravel\framework\src\Illuminate\Database\Query\Builder.php(1367): Illuminate\Database\Query\Builder->runSelect()
#4 D:\xampp\htdocs\ql_sinhvien\qlsinhvien\trunk\vendor\laravel\framework\src\Illuminate\Database\Query\Builder.php(1354): Illuminate\Database\Query\Builder->getFresh(Array)
#5 D:\xampp\htdocs\ql_sinhvien\qlsinhvien\trunk\vendor\laravel\framework\src\Illuminate\Database\Eloquent\Builder.php(380): Illuminate\Database\Query\Builder->get(Array)
#6 D:\xampp\htdocs\ql_sinhvien\qlsinhvien\trunk\vendor\laravel\framework\src\Illuminate\Database\Eloquent\Builder.php(162): Illuminate\Database\Eloquent\Builder->getModels(Array)
#7 D:\xampp\htdocs\ql_sinhvien\qlsinhvien\trunk\vendor\laravel\framework\src\Illuminate\Database\Eloquent\Builder.php(136): Illuminate\Database\Eloquent\Builder->get(Array)
#8 D:\xampp\htdocs\ql_sinhvien\qlsinhvien\trunk\vendor\laravel\framework\src\Illuminate\Database\Eloquent\Builder.php(84): Illuminate\Database\Eloquent\Builder->first(Array)
#9 D:\xampp\htdocs\ql_sinhvien\qlsinhvien\trunk\vendor\compiled.php(9454): Illuminate\Database\Eloquent\Builder->find('1', Array)
#10 D:\xampp\htdocs\ql_sinhvien\qlsinhvien\trunk\app\Http\Controllers\QuaTrinhThucTapController.php(50): Illuminate\Database\Eloquent\Model::find('1')
#11 [internal function]: App\Http\Controllers\quatrinhthuctapController->view('1')
#12 D:\xampp\htdocs\ql_sinhvien\qlsinhvien\trunk\vendor\compiled.php(8287): call_user_func_array(Array, Array)
#13 D:\xampp\htdocs\ql_sinhvien\qlsinhvien\trunk\vendor\compiled.php(8354): Illuminate\Routing\Controller->callAction('view', Array)
#14 D:\xampp\htdocs\ql_sinhvien\qlsinhvien\trunk\vendor\compiled.php(8333): Illuminate\Routing\ControllerDispatcher->call(Object(App\Http\Controllers\quatrinhthuctapController), Object(Illuminate\Routing\Route), 'view')
#15 [internal function]: Illuminate\Routing\ControllerDispatcher->Illuminate\Routing\{closure}(Object(Illuminate\Http\Request))
#16 D:\xampp\htdocs\ql_sinhvien\qlsinhvien\trunk\vendor\compiled.php(8952): call_user_func(Object(Closure), Object(Illuminate\Http\Request))
#17 D:\xampp\htdocs\ql_sinhvien\qlsinhvien\trunk\app\Http\Middleware\Authenticate.php(47): Illuminate\Pipeline\Pipeline->Illuminate\Pipeline\{closure}(Object(Illuminate\Http\Request))
#18 D:\xampp\htdocs\ql_sinhvien\qlsinhvien\trunk\vendor\compiled.php(8944): App\Http\Middleware\Authenticate->handle(Object(Illuminate\Http\Request), Object(Closure))
#19 [internal function]: Illuminate\Pipeline\Pipeline->Illuminate\Pipeline\{closure}(Object(Illuminate\Http\Request))
#20 D:\xampp\htdocs\ql_sinhvien\qlsinhvien\trunk\vendor\compiled.php(8935): call_user_func(Object(Closure), Object(Illuminate\Http\Request))
#21 D:\xampp\htdocs\ql_sinhvien\qlsinhvien\trunk\vendor\compiled.php(8334): Illuminate\Pipeline\Pipeline->then(Object(Closure))
#22 D:\xampp\htdocs\ql_sinhvien\qlsinhvien\trunk\vendor\compiled.php(8320): Illuminate\Routing\ControllerDispatcher->callWithinStack(Object(App\Http\Controllers\quatrinhthuctapController), Object(Illuminate\Routing\Route), Object(Illuminate\Http\Request), 'view')
#23 D:\xampp\htdocs\ql_sinhvien\qlsinhvien\trunk\vendor\compiled.php(7317): Illuminate\Routing\ControllerDispatcher->dispatch(Object(Illuminate\Routing\Route), Object(Illuminate\Http\Request), 'App\\Http\\Contro...', 'view')
#24 D:\xampp\htdocs\ql_sinhvien\qlsinhvien\trunk\vendor\compiled.php(7288): Illuminate\Routing\Route->runWithCustomDispatcher(Object(Illuminate\Http\Request))
#25 D:\xampp\htdocs\ql_sinhvien\qlsinhvien\trunk\vendor\compiled.php(6954): Illuminate\Routing\Route->run(Object(Illuminate\Http\Request))
#26 [internal function]: Illuminate\Routing\Router->Illuminate\Routing\{closure}(Object(Illuminate\Http\Request))
#27 D:\xampp\htdocs\ql_sinhvien\qlsinhvien\trunk\vendor\compiled.php(8952): call_user_func(Object(Closure), Object(Illuminate\Http\Request))
#28 [internal function]: Illuminate\Pipeline\Pipeline->Illuminate\Pipeline\{closure}(Object(Illuminate\Http\Request))
#29 D:\xampp\htdocs\ql_sinhvien\qlsinhvien\trunk\vendor\compiled.php(8935): call_user_func(Object(Closure), Object(Illuminate\Http\Request))
#30 D:\xampp\htdocs\ql_sinhvien\qlsinhvien\trunk\vendor\compiled.php(6955): Illuminate\Pipeline\Pipeline->then(Object(Closure))
#31 D:\xampp\htdocs\ql_sinhvien\qlsinhvien\trunk\vendor\compiled.php(6944): Illuminate\Routing\Router->runRouteWithinStack(Object(Illuminate\Routing\Route), Object(Illuminate\Http\Request))
#32 D:\xampp\htdocs\ql_sinhvien\qlsinhvien\trunk\vendor\compiled.php(6929): Illuminate\Routing\Router->dispatchToRoute(Object(Illuminate\Http\Request))
#33 D:\xampp\htdocs\ql_sinhvien\qlsinhvien\trunk\vendor\compiled.php(1935): Illuminate\Routing\Router->dispatch(Object(Illuminate\Http\Request))
#34 [internal function]: Illuminate\Foundation\Http\Kernel->Illuminate\Foundation\Http\{closure}(Object(Illuminate\Http\Request))
#35 D:\xampp\htdocs\ql_sinhvien\qlsinhvien\trunk\vendor\compiled.php(8952): call_user_func(Object(Closure), Object(Illuminate\Http\Request))
#36 D:\xampp\htdocs\ql_sinhvien\qlsinhvien\trunk\vendor\compiled.php(2438): Illuminate\Pipeline\Pipeline->Illuminate\Pipeline\{closure}(Object(Illuminate\Http\Request))
#37 D:\xampp\htdocs\ql_sinhvien\qlsinhvien\trunk\app\Http\Middleware\VerifyCsrfToken.php(17): Illuminate\Foundation\Http\Middleware\VerifyCsrfToken->handle(Object(Illuminate\Http\Request), Object(Closure))
#38 D:\xampp\htdocs\ql_sinhvien\qlsinhvien\trunk\vendor\compiled.php(8944): App\Http\Middleware\VerifyCsrfToken->handle(Object(Illuminate\Http\Request), Object(Closure))
#39 D:\xampp\htdocs\ql_sinhvien\qlsinhvien\trunk\vendor\compiled.php(12083): Illuminate\Pipeline\Pipeline->Illuminate\Pipeline\{closure}(Object(Illuminate\Http\Request))
#40 D:\xampp\htdocs\ql_sinhvien\qlsinhvien\trunk\vendor\compiled.php(8944): Illuminate\View\Middleware\ShareErrorsFromSession->handle(Object(Illuminate\Http\Request), Object(Closure))
#41 D:\xampp\htdocs\ql_sinhvien\qlsinhvien\trunk\vendor\compiled.php(10785): Illuminate\Pipeline\Pipeline->Illuminate\Pipeline\{closure}(Object(Illuminate\Http\Request))
#42 D:\xampp\htdocs\ql_sinhvien\qlsinhvien\trunk\vendor\compiled.php(8944): Illuminate\Session\Middleware\StartSession->handle(Object(Illuminate\Http\Request), Object(Closure))
#43 D:\xampp\htdocs\ql_sinhvien\qlsinhvien\trunk\vendor\compiled.php(11789): Illuminate\Pipeline\Pipeline->Illuminate\Pipeline\{closure}(Object(Illuminate\Http\Request))
#44 D:\xampp\htdocs\ql_sinhvien\qlsinhvien\trunk\vendor\compiled.php(8944): Illuminate\Cookie\Middleware\AddQueuedCookiesToResponse->handle(Object(Illuminate\Http\Request), Object(Closure))
#45 D:\xampp\htdocs\ql_sinhvien\qlsinhvien\trunk\vendor\compiled.php(11738): Illuminate\Pipeline\Pipeline->Illuminate\Pipeline\{closure}(Object(Illuminate\Http\Request))
#46 D:\xampp\htdocs\ql_sinhvien\qlsinhvien\trunk\vendor\compiled.php(8944): Illuminate\Cookie\Middleware\EncryptCookies->handle(Object(Illuminate\Http\Request), Object(Closure))
#47 D:\xampp\htdocs\ql_sinhvien\qlsinhvien\trunk\vendor\compiled.php(2478): Illuminate\Pipeline\Pipeline->Illuminate\Pipeline\{closure}(Object(Illuminate\Http\Request))
#48 D:\xampp\htdocs\ql_sinhvien\qlsinhvien\trunk\vendor\compiled.php(8944): Illuminate\Foundation\Http\Middleware\CheckForMaintenanceMode->handle(Object(Illuminate\Http\Request), Object(Closure))
#49 [internal function]: Illuminate\Pipeline\Pipeline->Illuminate\Pipeline\{closure}(Object(Illuminate\Http\Request))
#50 D:\xampp\htdocs\ql_sinhvien\qlsinhvien\trunk\vendor\compiled.php(8935): call_user_func(Object(Closure), Object(Illuminate\Http\Request))
#51 D:\xampp\htdocs\ql_sinhvien\qlsinhvien\trunk\vendor\compiled.php(1891): Illuminate\Pipeline\Pipeline->then(Object(Closure))
#52 D:\xampp\htdocs\ql_sinhvien\qlsinhvien\trunk\vendor\compiled.php(1880): Illuminate\Foundation\Http\Kernel->sendRequestThroughRouter(Object(Illuminate\Http\Request))
#53 D:\xampp\htdocs\ql_sinhvien\qlsinhvien\trunk\public\index.php(53): Illuminate\Foundation\Http\Kernel->handle(Object(Illuminate\Http\Request))
#54 {main}  
[2015-05-18 15:48:22] local.ERROR: exception 'Symfony\Component\Debug\Exception\FatalErrorException' with message 'Class 'SinhVien' not found' in D:\xampp\htdocs\ql_sinhvien\qlsinhvien\trunk\vendor\compiled.php:9509
Stack trace:
#0 {main}  
[2015-05-18 15:49:56] local.ERROR: exception 'ErrorException' with message 'Trying to get property of non-object' in D:\xampp\htdocs\ql_sinhvien\qlsinhvien\trunk\storage\framework\views\fdcac0a830a84b6d8ba73cb0a6e0d772:22
Stack trace:
#0 D:\xampp\htdocs\ql_sinhvien\qlsinhvien\trunk\storage\framework\views\fdcac0a830a84b6d8ba73cb0a6e0d772(22): Illuminate\Foundation\Bootstrap\HandleExceptions->handleError(8, 'Trying to get p...', 'D:\\xampp\\htdocs...', 22, Array)
#1 D:\xampp\htdocs\ql_sinhvien\qlsinhvien\trunk\vendor\compiled.php(13650): include('D:\\xampp\\htdocs...')
#2 D:\xampp\htdocs\ql_sinhvien\qlsinhvien\trunk\vendor\compiled.php(13683): Illuminate\View\Engines\PhpEngine->evaluatePath('D:\\xampp\\htdocs...', Array)
#3 D:\xampp\htdocs\ql_sinhvien\qlsinhvien\trunk\vendor\compiled.php(13523): Illuminate\View\Engines\CompilerEngine->get('D:\\xampp\\htdocs...', Array)
#4 D:\xampp\htdocs\ql_sinhvien\qlsinhvien\trunk\vendor\compiled.php(13510): Illuminate\View\View->getContents()
#5 D:\xampp\htdocs\ql_sinhvien\qlsinhvien\trunk\vendor\compiled.php(13501): Illuminate\View\View->renderContents()
#6 D:\xampp\htdocs\ql_sinhvien\qlsinhvien\trunk\vendor\compiled.php(14597): Illuminate\View\View->render()
#7 D:\xampp\htdocs\ql_sinhvien\qlsinhvien\trunk\vendor\compiled.php(14126): Illuminate\Http\Response->setContent(Object(Illuminate\View\View))
#8 D:\xampp\htdocs\ql_sinhvien\qlsinhvien\trunk\vendor\compiled.php(7154): Symfony\Component\HttpFoundation\Response->__construct(Object(Illuminate\View\View))
#9 D:\xampp\htdocs\ql_sinhvien\qlsinhvien\trunk\vendor\compiled.php(6954): Illuminate\Routing\Router->prepareResponse(Object(Illuminate\Http\Request), Object(Illuminate\View\View))
#10 [internal function]: Illuminate\Routing\Router->Illuminate\Routing\{closure}(Object(Illuminate\Http\Request))
#11 D:\xampp\htdocs\ql_sinhvien\qlsinhvien\trunk\vendor\compiled.php(8952): call_user_func(Object(Closure), Object(Illuminate\Http\Request))
#12 [internal function]: Illuminate\Pipeline\Pipeline->Illuminate\Pipeline\{closure}(Object(Illuminate\Http\Request))
#13 D:\xampp\htdocs\ql_sinhvien\qlsinhvien\trunk\vendor\compiled.php(8935): call_user_func(Object(Closure), Object(Illuminate\Http\Request))
#14 D:\xampp\htdocs\ql_sinhvien\qlsinhvien\trunk\vendor\compiled.php(6955): Illuminate\Pipeline\Pipeline->then(Object(Closure))
#15 D:\xampp\htdocs\ql_sinhvien\qlsinhvien\trunk\vendor\compiled.php(6944): Illuminate\Routing\Router->runRouteWithinStack(Object(Illuminate\Routing\Route), Object(Illuminate\Http\Request))
#16 D:\xampp\htdocs\ql_sinhvien\qlsinhvien\trunk\vendor\compiled.php(6929): Illuminate\Routing\Router->dispatchToRoute(Object(Illuminate\Http\Request))
#17 D:\xampp\htdocs\ql_sinhvien\qlsinhvien\trunk\vendor\compiled.php(1935): Illuminate\Routing\Router->dispatch(Object(Illuminate\Http\Request))
#18 [internal function]: Illuminate\Foundation\Http\Kernel->Illuminate\Foundation\Http\{closure}(Object(Illuminate\Http\Request))
#19 D:\xampp\htdocs\ql_sinhvien\qlsinhvien\trunk\vendor\compiled.php(8952): call_user_func(Object(Closure), Object(Illuminate\Http\Request))
#20 D:\xampp\htdocs\ql_sinhvien\qlsinhvien\trunk\vendor\compiled.php(2438): Illuminate\Pipeline\Pipeline->Illuminate\Pipeline\{closure}(Object(Illuminate\Http\Request))
#21 D:\xampp\htdocs\ql_sinhvien\qlsinhvien\trunk\app\Http\Middleware\VerifyCsrfToken.php(17): Illuminate\Foundation\Http\Middleware\VerifyCsrfToken->handle(Object(Illuminate\Http\Request), Object(Closure))
#22 D:\xampp\htdocs\ql_sinhvien\qlsinhvien\trunk\vendor\compiled.php(8944): App\Http\Middleware\VerifyCsrfToken->handle(Object(Illuminate\Http\Request), Object(Closure))
#23 D:\xampp\htdocs\ql_sinhvien\qlsinhvien\trunk\vendor\compiled.php(12083): Illuminate\Pipeline\Pipeline->Illuminate\Pipeline\{closure}(Object(Illuminate\Http\Request))
#24 D:\xampp\htdocs\ql_sinhvien\qlsinhvien\trunk\vendor\compiled.php(8944): Illuminate\View\Middleware\ShareErrorsFromSession->handle(Object(Illuminate\Http\Request), Object(Closure))
#25 D:\xampp\htdocs\ql_sinhvien\qlsinhvien\trunk\vendor\compiled.php(10785): Illuminate\Pipeline\Pipeline->Illuminate\Pipeline\{closure}(Object(Illuminate\Http\Request))
#26 D:\xampp\htdocs\ql_sinhvien\qlsinhvien\trunk\vendor\compiled.php(8944): Illuminate\Session\Middleware\StartSession->handle(Object(Illuminate\Http\Request), Object(Closure))
#27 D:\xampp\htdocs\ql_sinhvien\qlsinhvien\trunk\vendor\compiled.php(11789): Illuminate\Pipeline\Pipeline->Illuminate\Pipeline\{closure}(Object(Illuminate\Http\Request))
#28 D:\xampp\htdocs\ql_sinhvien\qlsinhvien\trunk\vendor\compiled.php(8944): Illuminate\Cookie\Middleware\AddQueuedCookiesToResponse->handle(Object(Illuminate\Http\Request), Object(Closure))
#29 D:\xampp\htdocs\ql_sinhvien\qlsinhvien\trunk\vendor\compiled.php(11738): Illuminate\Pipeline\Pipeline->Illuminate\Pipeline\{closure}(Object(Illuminate\Http\Request))
#30 D:\xampp\htdocs\ql_sinhvien\qlsinhvien\trunk\vendor\compiled.php(8944): Illuminate\Cookie\Middleware\EncryptCookies->handle(Object(Illuminate\Http\Request), Object(Closure))
#31 D:\xampp\htdocs\ql_sinhvien\qlsinhvien\trunk\vendor\compiled.php(2478): Illuminate\Pipeline\Pipeline->Illuminate\Pipeline\{closure}(Object(Illuminate\Http\Request))
#32 D:\xampp\htdocs\ql_sinhvien\qlsinhvien\trunk\vendor\compiled.php(8944): Illuminate\Foundation\Http\Middleware\CheckForMaintenanceMode->handle(Object(Illuminate\Http\Request), Object(Closure))
#33 [internal function]: Illuminate\Pipeline\Pipeline->Illuminate\Pipeline\{closure}(Object(Illuminate\Http\Request))
#34 D:\xampp\htdocs\ql_sinhvien\qlsinhvien\trunk\vendor\compiled.php(8935): call_user_func(Object(Closure), Object(Illuminate\Http\Request))
#35 D:\xampp\htdocs\ql_sinhvien\qlsinhvien\trunk\vendor\compiled.php(1891): Illuminate\Pipeline\Pipeline->then(Object(Closure))
#36 D:\xampp\htdocs\ql_sinhvien\qlsinhvien\trunk\vendor\compiled.php(1880): Illuminate\Foundation\Http\Kernel->sendRequestThroughRouter(Object(Illuminate\Http\Request))
#37 D:\xampp\htdocs\ql_sinhvien\qlsinhvien\trunk\public\index.php(53): Illuminate\Foundation\Http\Kernel->handle(Object(Illuminate\Http\Request))
#38 {main}

Next exception 'ErrorException' with message 'Trying to get property of non-object (View: D:\xampp\htdocs\ql_sinhvien\qlsinhvien\trunk\resources\views\quatrinhthuctap\index.blade.php)' in D:\xampp\htdocs\ql_sinhvien\qlsinhvien\trunk\storage\framework\views\fdcac0a830a84b6d8ba73cb0a6e0d772:22
Stack trace:
#0 D:\xampp\htdocs\ql_sinhvien\qlsinhvien\trunk\vendor\compiled.php(13652): Illuminate\View\Engines\CompilerEngine->handleViewException(Object(ErrorException), 1)
#1 D:\xampp\htdocs\ql_sinhvien\qlsinhvien\trunk\vendor\compiled.php(13683): Illuminate\View\Engines\PhpEngine->evaluatePath('D:\\xampp\\htdocs...', Array)
#2 D:\xampp\htdocs\ql_sinhvien\qlsinhvien\trunk\vendor\compiled.php(13523): Illuminate\View\Engines\CompilerEngine->get('D:\\xampp\\htdocs...', Array)
#3 D:\xampp\htdocs\ql_sinhvien\qlsinhvien\trunk\vendor\compiled.php(13510): Illuminate\View\View->getContents()
#4 D:\xampp\htdocs\ql_sinhvien\qlsinhvien\trunk\vendor\compiled.php(13501): Illuminate\View\View->renderContents()
#5 D:\xampp\htdocs\ql_sinhvien\qlsinhvien\trunk\vendor\compiled.php(14597): Illuminate\View\View->render()
#6 D:\xampp\htdocs\ql_sinhvien\qlsinhvien\trunk\vendor\compiled.php(14126): Illuminate\Http\Response->setContent(Object(Illuminate\View\View))
#7 D:\xampp\htdocs\ql_sinhvien\qlsinhvien\trunk\vendor\compiled.php(7154): Symfony\Component\HttpFoundation\Response->__construct(Object(Illuminate\View\View))
#8 D:\xampp\htdocs\ql_sinhvien\qlsinhvien\trunk\vendor\compiled.php(6954): Illuminate\Routing\Router->prepareResponse(Object(Illuminate\Http\Request), Object(Illuminate\View\View))
#9 [internal function]: Illuminate\Routing\Router->Illuminate\Routing\{closure}(Object(Illuminate\Http\Request))
#10 D:\xampp\htdocs\ql_sinhvien\qlsinhvien\trunk\vendor\compiled.php(8952): call_user_func(Object(Closure), Object(Illuminate\Http\Request))
#11 [internal function]: Illuminate\Pipeline\Pipeline->Illuminate\Pipeline\{closure}(Object(Illuminate\Http\Request))
#12 D:\xampp\htdocs\ql_sinhvien\qlsinhvien\trunk\vendor\compiled.php(8935): call_user_func(Object(Closure), Object(Illuminate\Http\Request))
#13 D:\xampp\htdocs\ql_sinhvien\qlsinhvien\trunk\vendor\compiled.php(6955): Illuminate\Pipeline\Pipeline->then(Object(Closure))
#14 D:\xampp\htdocs\ql_sinhvien\qlsinhvien\trunk\vendor\compiled.php(6944): Illuminate\Routing\Router->runRouteWithinStack(Object(Illuminate\Routing\Route), Object(Illuminate\Http\Request))
#15 D:\xampp\htdocs\ql_sinhvien\qlsinhvien\trunk\vendor\compiled.php(6929): Illuminate\Routing\Router->dispatchToRoute(Object(Illuminate\Http\Request))
#16 D:\xampp\htdocs\ql_sinhvien\qlsinhvien\trunk\vendor\compiled.php(1935): Illuminate\Routing\Router->dispatch(Object(Illuminate\Http\Request))
#17 [internal function]: Illuminate\Foundation\Http\Kernel->Illuminate\Foundation\Http\{closure}(Object(Illuminate\Http\Request))
#18 D:\xampp\htdocs\ql_sinhvien\qlsinhvien\trunk\vendor\compiled.php(8952): call_user_func(Object(Closure), Object(Illuminate\Http\Request))
#19 D:\xampp\htdocs\ql_sinhvien\qlsinhvien\trunk\vendor\compiled.php(2438): Illuminate\Pipeline\Pipeline->Illuminate\Pipeline\{closure}(Object(Illuminate\Http\Request))
#20 D:\xampp\htdocs\ql_sinhvien\qlsinhvien\trunk\app\Http\Middleware\VerifyCsrfToken.php(17): Illuminate\Foundation\Http\Middleware\VerifyCsrfToken->handle(Object(Illuminate\Http\Request), Object(Closure))
#21 D:\xampp\htdocs\ql_sinhvien\qlsinhvien\trunk\vendor\compiled.php(8944): App\Http\Middleware\VerifyCsrfToken->handle(Object(Illuminate\Http\Request), Object(Closure))
#22 D:\xampp\htdocs\ql_sinhvien\qlsinhvien\trunk\vendor\compiled.php(12083): Illuminate\Pipeline\Pipeline->Illuminate\Pipeline\{closure}(Object(Illuminate\Http\Request))
#23 D:\xampp\htdocs\ql_sinhvien\qlsinhvien\trunk\vendor\compiled.php(8944): Illuminate\View\Middleware\ShareErrorsFromSession->handle(Object(Illuminate\Http\Request), Object(Closure))
#24 D:\xampp\htdocs\ql_sinhvien\qlsinhvien\trunk\vendor\compiled.php(10785): Illuminate\Pipeline\Pipeline->Illuminate\Pipeline\{closure}(Object(Illuminate\Http\Request))
#25 D:\xampp\htdocs\ql_sinhvien\qlsinhvien\trunk\vendor\compiled.php(8944): Illuminate\Session\Middleware\StartSession->handle(Object(Illuminate\Http\Request), Object(Closure))
#26 D:\xampp\htdocs\ql_sinhvien\qlsinhvien\trunk\vendor\compiled.php(11789): Illuminate\Pipeline\Pipeline->Illuminate\Pipeline\{closure}(Object(Illuminate\Http\Request))
#27 D:\xampp\htdocs\ql_sinhvien\qlsinhvien\trunk\vendor\compiled.php(8944): Illuminate\Cookie\Middleware\AddQueuedCookiesToResponse->handle(Object(Illuminate\Http\Request), Object(Closure))
#28 D:\xampp\htdocs\ql_sinhvien\qlsinhvien\trunk\vendor\compiled.php(11738): Illuminate\Pipeline\Pipeline->Illuminate\Pipeline\{closure}(Object(Illuminate\Http\Request))
#29 D:\xampp\htdocs\ql_sinhvien\qlsinhvien\trunk\vendor\compiled.php(8944): Illuminate\Cookie\Middleware\EncryptCookies->handle(Object(Illuminate\Http\Request), Object(Closure))
#30 D:\xampp\htdocs\ql_sinhvien\qlsinhvien\trunk\vendor\compiled.php(2478): Illuminate\Pipeline\Pipeline->Illuminate\Pipeline\{closure}(Object(Illuminate\Http\Request))
#31 D:\xampp\htdocs\ql_sinhvien\qlsinhvien\trunk\vendor\compiled.php(8944): Illuminate\Foundation\Http\Middleware\CheckForMaintenanceMode->handle(Object(Illuminate\Http\Request), Object(Closure))
#32 [internal function]: Illuminate\Pipeline\Pipeline->Illuminate\Pipeline\{closure}(Object(Illuminate\Http\Request))
#33 D:\xampp\htdocs\ql_sinhvien\qlsinhvien\trunk\vendor\compiled.php(8935): call_user_func(Object(Closure), Object(Illuminate\Http\Request))
#34 D:\xampp\htdocs\ql_sinhvien\qlsinhvien\trunk\vendor\compiled.php(1891): Illuminate\Pipeline\Pipeline->then(Object(Closure))
#35 D:\xampp\htdocs\ql_sinhvien\qlsinhvien\trunk\vendor\compiled.php(1880): Illuminate\Foundation\Http\Kernel->sendRequestThroughRouter(Object(Illuminate\Http\Request))
#36 D:\xampp\htdocs\ql_sinhvien\qlsinhvien\trunk\public\index.php(53): Illuminate\Foundation\Http\Kernel->handle(Object(Illuminate\Http\Request))
#37 {main}  
[2015-05-18 15:50:22] local.ERROR: exception 'ErrorException' with message 'Trying to get property of non-object' in D:\xampp\htdocs\ql_sinhvien\qlsinhvien\trunk\storage\framework\views\fdcac0a830a84b6d8ba73cb0a6e0d772:22
Stack trace:
#0 D:\xampp\htdocs\ql_sinhvien\qlsinhvien\trunk\storage\framework\views\fdcac0a830a84b6d8ba73cb0a6e0d772(22): Illuminate\Foundation\Bootstrap\HandleExceptions->handleError(8, 'Trying to get p...', 'D:\\xampp\\htdocs...', 22, Array)
#1 D:\xampp\htdocs\ql_sinhvien\qlsinhvien\trunk\vendor\compiled.php(13650): include('D:\\xampp\\htdocs...')
#2 D:\xampp\htdocs\ql_sinhvien\qlsinhvien\trunk\vendor\compiled.php(13683): Illuminate\View\Engines\PhpEngine->evaluatePath('D:\\xampp\\htdocs...', Array)
#3 D:\xampp\htdocs\ql_sinhvien\qlsinhvien\trunk\vendor\compiled.php(13523): Illuminate\View\Engines\CompilerEngine->get('D:\\xampp\\htdocs...', Array)
#4 D:\xampp\htdocs\ql_sinhvien\qlsinhvien\trunk\vendor\compiled.php(13510): Illuminate\View\View->getContents()
#5 D:\xampp\htdocs\ql_sinhvien\qlsinhvien\trunk\vendor\compiled.php(13501): Illuminate\View\View->renderContents()
#6 D:\xampp\htdocs\ql_sinhvien\qlsinhvien\trunk\vendor\compiled.php(14597): Illuminate\View\View->render()
#7 D:\xampp\htdocs\ql_sinhvien\qlsinhvien\trunk\vendor\compiled.php(14126): Illuminate\Http\Response->setContent(Object(Illuminate\View\View))
#8 D:\xampp\htdocs\ql_sinhvien\qlsinhvien\trunk\vendor\compiled.php(7154): Symfony\Component\HttpFoundation\Response->__construct(Object(Illuminate\View\View))
#9 D:\xampp\htdocs\ql_sinhvien\qlsinhvien\trunk\vendor\compiled.php(6954): Illuminate\Routing\Router->prepareResponse(Object(Illuminate\Http\Request), Object(Illuminate\View\View))
#10 [internal function]: Illuminate\Routing\Router->Illuminate\Routing\{closure}(Object(Illuminate\Http\Request))
#11 D:\xampp\htdocs\ql_sinhvien\qlsinhvien\trunk\vendor\compiled.php(8952): call_user_func(Object(Closure), Object(Illuminate\Http\Request))
#12 [internal function]: Illuminate\Pipeline\Pipeline->Illuminate\Pipeline\{closure}(Object(Illuminate\Http\Request))
#13 D:\xampp\htdocs\ql_sinhvien\qlsinhvien\trunk\vendor\compiled.php(8935): call_user_func(Object(Closure), Object(Illuminate\Http\Request))
#14 D:\xampp\htdocs\ql_sinhvien\qlsinhvien\trunk\vendor\compiled.php(6955): Illuminate\Pipeline\Pipeline->then(Object(Closure))
#15 D:\xampp\htdocs\ql_sinhvien\qlsinhvien\trunk\vendor\compiled.php(6944): Illuminate\Routing\Router->runRouteWithinStack(Object(Illuminate\Routing\Route), Object(Illuminate\Http\Request))
#16 D:\xampp\htdocs\ql_sinhvien\qlsinhvien\trunk\vendor\compiled.php(6929): Illuminate\Routing\Router->dispatchToRoute(Object(Illuminate\Http\Request))
#17 D:\xampp\htdocs\ql_sinhvien\qlsinhvien\trunk\vendor\compiled.php(1935): Illuminate\Routing\Router->dispatch(Object(Illuminate\Http\Request))
#18 [internal function]: Illuminate\Foundation\Http\Kernel->Illuminate\Foundation\Http\{closure}(Object(Illuminate\Http\Request))
#19 D:\xampp\htdocs\ql_sinhvien\qlsinhvien\trunk\vendor\compiled.php(8952): call_user_func(Object(Closure), Object(Illuminate\Http\Request))
#20 D:\xampp\htdocs\ql_sinhvien\qlsinhvien\trunk\vendor\compiled.php(2438): Illuminate\Pipeline\Pipeline->Illuminate\Pipeline\{closure}(Object(Illuminate\Http\Request))
#21 D:\xampp\htdocs\ql_sinhvien\qlsinhvien\trunk\app\Http\Middleware\VerifyCsrfToken.php(17): Illuminate\Foundation\Http\Middleware\VerifyCsrfToken->handle(Object(Illuminate\Http\Request), Object(Closure))
#22 D:\xampp\htdocs\ql_sinhvien\qlsinhvien\trunk\vendor\compiled.php(8944): App\Http\Middleware\VerifyCsrfToken->handle(Object(Illuminate\Http\Request), Object(Closure))
#23 D:\xampp\htdocs\ql_sinhvien\qlsinhvien\trunk\vendor\compiled.php(12083): Illuminate\Pipeline\Pipeline->Illuminate\Pipeline\{closure}(Object(Illuminate\Http\Request))
#24 D:\xampp\htdocs\ql_sinhvien\qlsinhvien\trunk\vendor\compiled.php(8944): Illuminate\View\Middleware\ShareErrorsFromSession->handle(Object(Illuminate\Http\Request), Object(Closure))
#25 D:\xampp\htdocs\ql_sinhvien\qlsinhvien\trunk\vendor\compiled.php(10785): Illuminate\Pipeline\Pipeline->Illuminate\Pipeline\{closure}(Object(Illuminate\Http\Request))
#26 D:\xampp\htdocs\ql_sinhvien\qlsinhvien\trunk\vendor\compiled.php(8944): Illuminate\Session\Middleware\StartSession->handle(Object(Illuminate\Http\Request), Object(Closure))
#27 D:\xampp\htdocs\ql_sinhvien\qlsinhvien\trunk\vendor\compiled.php(11789): Illuminate\Pipeline\Pipeline->Illuminate\Pipeline\{closure}(Object(Illuminate\Http\Request))
#28 D:\xampp\htdocs\ql_sinhvien\qlsinhvien\trunk\vendor\compiled.php(8944): Illuminate\Cookie\Middleware\AddQueuedCookiesToResponse->handle(Object(Illuminate\Http\Request), Object(Closure))
#29 D:\xampp\htdocs\ql_sinhvien\qlsinhvien\trunk\vendor\compiled.php(11738): Illuminate\Pipeline\Pipeline->Illuminate\Pipeline\{closure}(Object(Illuminate\Http\Request))
#30 D:\xampp\htdocs\ql_sinhvien\qlsinhvien\trunk\vendor\compiled.php(8944): Illuminate\Cookie\Middleware\EncryptCookies->handle(Object(Illuminate\Http\Request), Object(Closure))
#31 D:\xampp\htdocs\ql_sinhvien\qlsinhvien\trunk\vendor\compiled.php(2478): Illuminate\Pipeline\Pipeline->Illuminate\Pipeline\{closure}(Object(Illuminate\Http\Request))
#32 D:\xampp\htdocs\ql_sinhvien\qlsinhvien\trunk\vendor\compiled.php(8944): Illuminate\Foundation\Http\Middleware\CheckForMaintenanceMode->handle(Object(Illuminate\Http\Request), Object(Closure))
#33 [internal function]: Illuminate\Pipeline\Pipeline->Illuminate\Pipeline\{closure}(Object(Illuminate\Http\Request))
#34 D:\xampp\htdocs\ql_sinhvien\qlsinhvien\trunk\vendor\compiled.php(8935): call_user_func(Object(Closure), Object(Illuminate\Http\Request))
#35 D:\xampp\htdocs\ql_sinhvien\qlsinhvien\trunk\vendor\compiled.php(1891): Illuminate\Pipeline\Pipeline->then(Object(Closure))
#36 D:\xampp\htdocs\ql_sinhvien\qlsinhvien\trunk\vendor\compiled.php(1880): Illuminate\Foundation\Http\Kernel->sendRequestThroughRouter(Object(Illuminate\Http\Request))
#37 D:\xampp\htdocs\ql_sinhvien\qlsinhvien\trunk\public\index.php(53): Illuminate\Foundation\Http\Kernel->handle(Object(Illuminate\Http\Request))
#38 {main}

Next exception 'ErrorException' with message 'Trying to get property of non-object (View: D:\xampp\htdocs\ql_sinhvien\qlsinhvien\trunk\resources\views\quatrinhthuctap\index.blade.php)' in D:\xampp\htdocs\ql_sinhvien\qlsinhvien\trunk\storage\framework\views\fdcac0a830a84b6d8ba73cb0a6e0d772:22
Stack trace:
#0 D:\xampp\htdocs\ql_sinhvien\qlsinhvien\trunk\vendor\compiled.php(13652): Illuminate\View\Engines\CompilerEngine->handleViewException(Object(ErrorException), 1)
#1 D:\xampp\htdocs\ql_sinhvien\qlsinhvien\trunk\vendor\compiled.php(13683): Illuminate\View\Engines\PhpEngine->evaluatePath('D:\\xampp\\htdocs...', Array)
#2 D:\xampp\htdocs\ql_sinhvien\qlsinhvien\trunk\vendor\compiled.php(13523): Illuminate\View\Engines\CompilerEngine->get('D:\\xampp\\htdocs...', Array)
#3 D:\xampp\htdocs\ql_sinhvien\qlsinhvien\trunk\vendor\compiled.php(13510): Illuminate\View\View->getContents()
#4 D:\xampp\htdocs\ql_sinhvien\qlsinhvien\trunk\vendor\compiled.php(13501): Illuminate\View\View->renderContents()
#5 D:\xampp\htdocs\ql_sinhvien\qlsinhvien\trunk\vendor\compiled.php(14597): Illuminate\View\View->render()
#6 D:\xampp\htdocs\ql_sinhvien\qlsinhvien\trunk\vendor\compiled.php(14126): Illuminate\Http\Response->setContent(Object(Illuminate\View\View))
#7 D:\xampp\htdocs\ql_sinhvien\qlsinhvien\trunk\vendor\compiled.php(7154): Symfony\Component\HttpFoundation\Response->__construct(Object(Illuminate\View\View))
#8 D:\xampp\htdocs\ql_sinhvien\qlsinhvien\trunk\vendor\compiled.php(6954): Illuminate\Routing\Router->prepareResponse(Object(Illuminate\Http\Request), Object(Illuminate\View\View))
#9 [internal function]: Illuminate\Routing\Router->Illuminate\Routing\{closure}(Object(Illuminate\Http\Request))
#10 D:\xampp\htdocs\ql_sinhvien\qlsinhvien\trunk\vendor\compiled.php(8952): call_user_func(Object(Closure), Object(Illuminate\Http\Request))
#11 [internal function]: Illuminate\Pipeline\Pipeline->Illuminate\Pipeline\{closure}(Object(Illuminate\Http\Request))
#12 D:\xampp\htdocs\ql_sinhvien\qlsinhvien\trunk\vendor\compiled.php(8935): call_user_func(Object(Closure), Object(Illuminate\Http\Request))
#13 D:\xampp\htdocs\ql_sinhvien\qlsinhvien\trunk\vendor\compiled.php(6955): Illuminate\Pipeline\Pipeline->then(Object(Closure))
#14 D:\xampp\htdocs\ql_sinhvien\qlsinhvien\trunk\vendor\compiled.php(6944): Illuminate\Routing\Router->runRouteWithinStack(Object(Illuminate\Routing\Route), Object(Illuminate\Http\Request))
#15 D:\xampp\htdocs\ql_sinhvien\qlsinhvien\trunk\vendor\compiled.php(6929): Illuminate\Routing\Router->dispatchToRoute(Object(Illuminate\Http\Request))
#16 D:\xampp\htdocs\ql_sinhvien\qlsinhvien\trunk\vendor\compiled.php(1935): Illuminate\Routing\Router->dispatch(Object(Illuminate\Http\Request))
#17 [internal function]: Illuminate\Foundation\Http\Kernel->Illuminate\Foundation\Http\{closure}(Object(Illuminate\Http\Request))
#18 D:\xampp\htdocs\ql_sinhvien\qlsinhvien\trunk\vendor\compiled.php(8952): call_user_func(Object(Closure), Object(Illuminate\Http\Request))
#19 D:\xampp\htdocs\ql_sinhvien\qlsinhvien\trunk\vendor\compiled.php(2438): Illuminate\Pipeline\Pipeline->Illuminate\Pipeline\{closure}(Object(Illuminate\Http\Request))
#20 D:\xampp\htdocs\ql_sinhvien\qlsinhvien\trunk\app\Http\Middleware\VerifyCsrfToken.php(17): Illuminate\Foundation\Http\Middleware\VerifyCsrfToken->handle(Object(Illuminate\Http\Request), Object(Closure))
#21 D:\xampp\htdocs\ql_sinhvien\qlsinhvien\trunk\vendor\compiled.php(8944): App\Http\Middleware\VerifyCsrfToken->handle(Object(Illuminate\Http\Request), Object(Closure))
#22 D:\xampp\htdocs\ql_sinhvien\qlsinhvien\trunk\vendor\compiled.php(12083): Illuminate\Pipeline\Pipeline->Illuminate\Pipeline\{closure}(Object(Illuminate\Http\Request))
#23 D:\xampp\htdocs\ql_sinhvien\qlsinhvien\trunk\vendor\compiled.php(8944): Illuminate\View\Middleware\ShareErrorsFromSession->handle(Object(Illuminate\Http\Request), Object(Closure))
#24 D:\xampp\htdocs\ql_sinhvien\qlsinhvien\trunk\vendor\compiled.php(10785): Illuminate\Pipeline\Pipeline->Illuminate\Pipeline\{closure}(Object(Illuminate\Http\Request))
#25 D:\xampp\htdocs\ql_sinhvien\qlsinhvien\trunk\vendor\compiled.php(8944): Illuminate\Session\Middleware\StartSession->handle(Object(Illuminate\Http\Request), Object(Closure))
#26 D:\xampp\htdocs\ql_sinhvien\qlsinhvien\trunk\vendor\compiled.php(11789): Illuminate\Pipeline\Pipeline->Illuminate\Pipeline\{closure}(Object(Illuminate\Http\Request))
#27 D:\xampp\htdocs\ql_sinhvien\qlsinhvien\trunk\vendor\compiled.php(8944): Illuminate\Cookie\Middleware\AddQueuedCookiesToResponse->handle(Object(Illuminate\Http\Request), Object(Closure))
#28 D:\xampp\htdocs\ql_sinhvien\qlsinhvien\trunk\vendor\compiled.php(11738): Illuminate\Pipeline\Pipeline->Illuminate\Pipeline\{closure}(Object(Illuminate\Http\Request))
#29 D:\xampp\htdocs\ql_sinhvien\qlsinhvien\trunk\vendor\compiled.php(8944): Illuminate\Cookie\Middleware\EncryptCookies->handle(Object(Illuminate\Http\Request), Object(Closure))
#30 D:\xampp\htdocs\ql_sinhvien\qlsinhvien\trunk\vendor\compiled.php(2478): Illuminate\Pipeline\Pipeline->Illuminate\Pipeline\{closure}(Object(Illuminate\Http\Request))
#31 D:\xampp\htdocs\ql_sinhvien\qlsinhvien\trunk\vendor\compiled.php(8944): Illuminate\Foundation\Http\Middleware\CheckForMaintenanceMode->handle(Object(Illuminate\Http\Request), Object(Closure))
#32 [internal function]: Illuminate\Pipeline\Pipeline->Illuminate\Pipeline\{closure}(Object(Illuminate\Http\Request))
#33 D:\xampp\htdocs\ql_sinhvien\qlsinhvien\trunk\vendor\compiled.php(8935): call_user_func(Object(Closure), Object(Illuminate\Http\Request))
#34 D:\xampp\htdocs\ql_sinhvien\qlsinhvien\trunk\vendor\compiled.php(1891): Illuminate\Pipeline\Pipeline->then(Object(Closure))
#35 D:\xampp\htdocs\ql_sinhvien\qlsinhvien\trunk\vendor\compiled.php(1880): Illuminate\Foundation\Http\Kernel->sendRequestThroughRouter(Object(Illuminate\Http\Request))
#36 D:\xampp\htdocs\ql_sinhvien\qlsinhvien\trunk\public\index.php(53): Illuminate\Foundation\Http\Kernel->handle(Object(Illuminate\Http\Request))
#37 {main}  
[2015-05-18 15:50:23] local.ERROR: exception 'ErrorException' with message 'Trying to get property of non-object' in D:\xampp\htdocs\ql_sinhvien\qlsinhvien\trunk\storage\framework\views\fdcac0a830a84b6d8ba73cb0a6e0d772:22
Stack trace:
#0 D:\xampp\htdocs\ql_sinhvien\qlsinhvien\trunk\storage\framework\views\fdcac0a830a84b6d8ba73cb0a6e0d772(22): Illuminate\Foundation\Bootstrap\HandleExceptions->handleError(8, 'Trying to get p...', 'D:\\xampp\\htdocs...', 22, Array)
#1 D:\xampp\htdocs\ql_sinhvien\qlsinhvien\trunk\vendor\compiled.php(13650): include('D:\\xampp\\htdocs...')
#2 D:\xampp\htdocs\ql_sinhvien\qlsinhvien\trunk\vendor\compiled.php(13683): Illuminate\View\Engines\PhpEngine->evaluatePath('D:\\xampp\\htdocs...', Array)
#3 D:\xampp\htdocs\ql_sinhvien\qlsinhvien\trunk\vendor\compiled.php(13523): Illuminate\View\Engines\CompilerEngine->get('D:\\xampp\\htdocs...', Array)
#4 D:\xampp\htdocs\ql_sinhvien\qlsinhvien\trunk\vendor\compiled.php(13510): Illuminate\View\View->getContents()
#5 D:\xampp\htdocs\ql_sinhvien\qlsinhvien\trunk\vendor\compiled.php(13501): Illuminate\View\View->renderContents()
#6 D:\xampp\htdocs\ql_sinhvien\qlsinhvien\trunk\vendor\compiled.php(14597): Illuminate\View\View->render()
#7 D:\xampp\htdocs\ql_sinhvien\qlsinhvien\trunk\vendor\compiled.php(14126): Illuminate\Http\Response->setContent(Object(Illuminate\View\View))
#8 D:\xampp\htdocs\ql_sinhvien\qlsinhvien\trunk\vendor\compiled.php(7154): Symfony\Component\HttpFoundation\Response->__construct(Object(Illuminate\View\View))
#9 D:\xampp\htdocs\ql_sinhvien\qlsinhvien\trunk\vendor\compiled.php(6954): Illuminate\Routing\Router->prepareResponse(Object(Illuminate\Http\Request), Object(Illuminate\View\View))
#10 [internal function]: Illuminate\Routing\Router->Illuminate\Routing\{closure}(Object(Illuminate\Http\Request))
#11 D:\xampp\htdocs\ql_sinhvien\qlsinhvien\trunk\vendor\compiled.php(8952): call_user_func(Object(Closure), Object(Illuminate\Http\Request))
#12 [internal function]: Illuminate\Pipeline\Pipeline->Illuminate\Pipeline\{closure}(Object(Illuminate\Http\Request))
#13 D:\xampp\htdocs\ql_sinhvien\qlsinhvien\trunk\vendor\compiled.php(8935): call_user_func(Object(Closure), Object(Illuminate\Http\Request))
#14 D:\xampp\htdocs\ql_sinhvien\qlsinhvien\trunk\vendor\compiled.php(6955): Illuminate\Pipeline\Pipeline->then(Object(Closure))
#15 D:\xampp\htdocs\ql_sinhvien\qlsinhvien\trunk\vendor\compiled.php(6944): Illuminate\Routing\Router->runRouteWithinStack(Object(Illuminate\Routing\Route), Object(Illuminate\Http\Request))
#16 D:\xampp\htdocs\ql_sinhvien\qlsinhvien\trunk\vendor\compiled.php(6929): Illuminate\Routing\Router->dispatchToRoute(Object(Illuminate\Http\Request))
#17 D:\xampp\htdocs\ql_sinhvien\qlsinhvien\trunk\vendor\compiled.php(1935): Illuminate\Routing\Router->dispatch(Object(Illuminate\Http\Request))
#18 [internal function]: Illuminate\Foundation\Http\Kernel->Illuminate\Foundation\Http\{closure}(Object(Illuminate\Http\Request))
#19 D:\xampp\htdocs\ql_sinhvien\qlsinhvien\trunk\vendor\compiled.php(8952): call_user_func(Object(Closure), Object(Illuminate\Http\Request))
#20 D:\xampp\htdocs\ql_sinhvien\qlsinhvien\trunk\vendor\compiled.php(2438): Illuminate\Pipeline\Pipeline->Illuminate\Pipeline\{closure}(Object(Illuminate\Http\Request))
#21 D:\xampp\htdocs\ql_sinhvien\qlsinhvien\trunk\app\Http\Middleware\VerifyCsrfToken.php(17): Illuminate\Foundation\Http\Middleware\VerifyCsrfToken->handle(Object(Illuminate\Http\Request), Object(Closure))
#22 D:\xampp\htdocs\ql_sinhvien\qlsinhvien\trunk\vendor\compiled.php(8944): App\Http\Middleware\VerifyCsrfToken->handle(Object(Illuminate\Http\Request), Object(Closure))
#23 D:\xampp\htdocs\ql_sinhvien\qlsinhvien\trunk\vendor\compiled.php(12083): Illuminate\Pipeline\Pipeline->Illuminate\Pipeline\{closure}(Object(Illuminate\Http\Request))
#24 D:\xampp\htdocs\ql_sinhvien\qlsinhvien\trunk\vendor\compiled.php(8944): Illuminate\View\Middleware\ShareErrorsFromSession->handle(Object(Illuminate\Http\Request), Object(Closure))
#25 D:\xampp\htdocs\ql_sinhvien\qlsinhvien\trunk\vendor\compiled.php(10785): Illuminate\Pipeline\Pipeline->Illuminate\Pipeline\{closure}(Object(Illuminate\Http\Request))
#26 D:\xampp\htdocs\ql_sinhvien\qlsinhvien\trunk\vendor\compiled.php(8944): Illuminate\Session\Middleware\StartSession->handle(Object(Illuminate\Http\Request), Object(Closure))
#27 D:\xampp\htdocs\ql_sinhvien\qlsinhvien\trunk\vendor\compiled.php(11789): Illuminate\Pipeline\Pipeline->Illuminate\Pipeline\{closure}(Object(Illuminate\Http\Request))
#28 D:\xampp\htdocs\ql_sinhvien\qlsinhvien\trunk\vendor\compiled.php(8944): Illuminate\Cookie\Middleware\AddQueuedCookiesToResponse->handle(Object(Illuminate\Http\Request), Object(Closure))
#29 D:\xampp\htdocs\ql_sinhvien\qlsinhvien\trunk\vendor\compiled.php(11738): Illuminate\Pipeline\Pipeline->Illuminate\Pipeline\{closure}(Object(Illuminate\Http\Request))
#30 D:\xampp\htdocs\ql_sinhvien\qlsinhvien\trunk\vendor\compiled.php(8944): Illuminate\Cookie\Middleware\EncryptCookies->handle(Object(Illuminate\Http\Request), Object(Closure))
#31 D:\xampp\htdocs\ql_sinhvien\qlsinhvien\trunk\vendor\compiled.php(2478): Illuminate\Pipeline\Pipeline->Illuminate\Pipeline\{closure}(Object(Illuminate\Http\Request))
#32 D:\xampp\htdocs\ql_sinhvien\qlsinhvien\trunk\vendor\compiled.php(8944): Illuminate\Foundation\Http\Middleware\CheckForMaintenanceMode->handle(Object(Illuminate\Http\Request), Object(Closure))
#33 [internal function]: Illuminate\Pipeline\Pipeline->Illuminate\Pipeline\{closure}(Object(Illuminate\Http\Request))
#34 D:\xampp\htdocs\ql_sinhvien\qlsinhvien\trunk\vendor\compiled.php(8935): call_user_func(Object(Closure), Object(Illuminate\Http\Request))
#35 D:\xampp\htdocs\ql_sinhvien\qlsinhvien\trunk\vendor\compiled.php(1891): Illuminate\Pipeline\Pipeline->then(Object(Closure))
#36 D:\xampp\htdocs\ql_sinhvien\qlsinhvien\trunk\vendor\compiled.php(1880): Illuminate\Foundation\Http\Kernel->sendRequestThroughRouter(Object(Illuminate\Http\Request))
#37 D:\xampp\htdocs\ql_sinhvien\qlsinhvien\trunk\public\index.php(53): Illuminate\Foundation\Http\Kernel->handle(Object(Illuminate\Http\Request))
#38 {main}

Next exception 'ErrorException' with message 'Trying to get property of non-object (View: D:\xampp\htdocs\ql_sinhvien\qlsinhvien\trunk\resources\views\quatrinhthuctap\index.blade.php)' in D:\xampp\htdocs\ql_sinhvien\qlsinhvien\trunk\storage\framework\views\fdcac0a830a84b6d8ba73cb0a6e0d772:22
Stack trace:
#0 D:\xampp\htdocs\ql_sinhvien\qlsinhvien\trunk\vendor\compiled.php(13652): Illuminate\View\Engines\CompilerEngine->handleViewException(Object(ErrorException), 1)
#1 D:\xampp\htdocs\ql_sinhvien\qlsinhvien\trunk\vendor\compiled.php(13683): Illuminate\View\Engines\PhpEngine->evaluatePath('D:\\xampp\\htdocs...', Array)
#2 D:\xampp\htdocs\ql_sinhvien\qlsinhvien\trunk\vendor\compiled.php(13523): Illuminate\View\Engines\CompilerEngine->get('D:\\xampp\\htdocs...', Array)
#3 D:\xampp\htdocs\ql_sinhvien\qlsinhvien\trunk\vendor\compiled.php(13510): Illuminate\View\View->getContents()
#4 D:\xampp\htdocs\ql_sinhvien\qlsinhvien\trunk\vendor\compiled.php(13501): Illuminate\View\View->renderContents()
#5 D:\xampp\htdocs\ql_sinhvien\qlsinhvien\trunk\vendor\compiled.php(14597): Illuminate\View\View->render()
#6 D:\xampp\htdocs\ql_sinhvien\qlsinhvien\trunk\vendor\compiled.php(14126): Illuminate\Http\Response->setContent(Object(Illuminate\View\View))
#7 D:\xampp\htdocs\ql_sinhvien\qlsinhvien\trunk\vendor\compiled.php(7154): Symfony\Component\HttpFoundation\Response->__construct(Object(Illuminate\View\View))
#8 D:\xampp\htdocs\ql_sinhvien\qlsinhvien\trunk\vendor\compiled.php(6954): Illuminate\Routing\Router->prepareResponse(Object(Illuminate\Http\Request), Object(Illuminate\View\View))
#9 [internal function]: Illuminate\Routing\Router->Illuminate\Routing\{closure}(Object(Illuminate\Http\Request))
#10 D:\xampp\htdocs\ql_sinhvien\qlsinhvien\trunk\vendor\compiled.php(8952): call_user_func(Object(Closure), Object(Illuminate\Http\Request))
#11 [internal function]: Illuminate\Pipeline\Pipeline->Illuminate\Pipeline\{closure}(Object(Illuminate\Http\Request))
#12 D:\xampp\htdocs\ql_sinhvien\qlsinhvien\trunk\vendor\compiled.php(8935): call_user_func(Object(Closure), Object(Illuminate\Http\Request))
#13 D:\xampp\htdocs\ql_sinhvien\qlsinhvien\trunk\vendor\compiled.php(6955): Illuminate\Pipeline\Pipeline->then(Object(Closure))
#14 D:\xampp\htdocs\ql_sinhvien\qlsinhvien\trunk\vendor\compiled.php(6944): Illuminate\Routing\Router->runRouteWithinStack(Object(Illuminate\Routing\Route), Object(Illuminate\Http\Request))
#15 D:\xampp\htdocs\ql_sinhvien\qlsinhvien\trunk\vendor\compiled.php(6929): Illuminate\Routing\Router->dispatchToRoute(Object(Illuminate\Http\Request))
#16 D:\xampp\htdocs\ql_sinhvien\qlsinhvien\trunk\vendor\compiled.php(1935): Illuminate\Routing\Router->dispatch(Object(Illuminate\Http\Request))
#17 [internal function]: Illuminate\Foundation\Http\Kernel->Illuminate\Foundation\Http\{closure}(Object(Illuminate\Http\Request))
#18 D:\xampp\htdocs\ql_sinhvien\qlsinhvien\trunk\vendor\compiled.php(8952): call_user_func(Object(Closure), Object(Illuminate\Http\Request))
#19 D:\xampp\htdocs\ql_sinhvien\qlsinhvien\trunk\vendor\compiled.php(2438): Illuminate\Pipeline\Pipeline->Illuminate\Pipeline\{closure}(Object(Illuminate\Http\Request))
#20 D:\xampp\htdocs\ql_sinhvien\qlsinhvien\trunk\app\Http\Middleware\VerifyCsrfToken.php(17): Illuminate\Foundation\Http\Middleware\VerifyCsrfToken->handle(Object(Illuminate\Http\Request), Object(Closure))
#21 D:\xampp\htdocs\ql_sinhvien\qlsinhvien\trunk\vendor\compiled.php(8944): App\Http\Middleware\VerifyCsrfToken->handle(Object(Illuminate\Http\Request), Object(Closure))
#22 D:\xampp\htdocs\ql_sinhvien\qlsinhvien\trunk\vendor\compiled.php(12083): Illuminate\Pipeline\Pipeline->Illuminate\Pipeline\{closure}(Object(Illuminate\Http\Request))
#23 D:\xampp\htdocs\ql_sinhvien\qlsinhvien\trunk\vendor\compiled.php(8944): Illuminate\View\Middleware\ShareErrorsFromSession->handle(Object(Illuminate\Http\Request), Object(Closure))
#24 D:\xampp\htdocs\ql_sinhvien\qlsinhvien\trunk\vendor\compiled.php(10785): Illuminate\Pipeline\Pipeline->Illuminate\Pipeline\{closure}(Object(Illuminate\Http\Request))
#25 D:\xampp\htdocs\ql_sinhvien\qlsinhvien\trunk\vendor\compiled.php(8944): Illuminate\Session\Middleware\StartSession->handle(Object(Illuminate\Http\Request), Object(Closure))
#26 D:\xampp\htdocs\ql_sinhvien\qlsinhvien\trunk\vendor\compiled.php(11789): Illuminate\Pipeline\Pipeline->Illuminate\Pipeline\{closure}(Object(Illuminate\Http\Request))
#27 D:\xampp\htdocs\ql_sinhvien\qlsinhvien\trunk\vendor\compiled.php(8944): Illuminate\Cookie\Middleware\AddQueuedCookiesToResponse->handle(Object(Illuminate\Http\Request), Object(Closure))
#28 D:\xampp\htdocs\ql_sinhvien\qlsinhvien\trunk\vendor\compiled.php(11738): Illuminate\Pipeline\Pipeline->Illuminate\Pipeline\{closure}(Object(Illuminate\Http\Request))
#29 D:\xampp\htdocs\ql_sinhvien\qlsinhvien\trunk\vendor\compiled.php(8944): Illuminate\Cookie\Middleware\EncryptCookies->handle(Object(Illuminate\Http\Request), Object(Closure))
#30 D:\xampp\htdocs\ql_sinhvien\qlsinhvien\trunk\vendor\compiled.php(2478): Illuminate\Pipeline\Pipeline->Illuminate\Pipeline\{closure}(Object(Illuminate\Http\Request))
#31 D:\xampp\htdocs\ql_sinhvien\qlsinhvien\trunk\vendor\compiled.php(8944): Illuminate\Foundation\Http\Middleware\CheckForMaintenanceMode->handle(Object(Illuminate\Http\Request), Object(Closure))
#32 [internal function]: Illuminate\Pipeline\Pipeline->Illuminate\Pipeline\{closure}(Object(Illuminate\Http\Request))
#33 D:\xampp\htdocs\ql_sinhvien\qlsinhvien\trunk\vendor\compiled.php(8935): call_user_func(Object(Closure), Object(Illuminate\Http\Request))
#34 D:\xampp\htdocs\ql_sinhvien\qlsinhvien\trunk\vendor\compiled.php(1891): Illuminate\Pipeline\Pipeline->then(Object(Closure))
#35 D:\xampp\htdocs\ql_sinhvien\qlsinhvien\trunk\vendor\compiled.php(1880): Illuminate\Foundation\Http\Kernel->sendRequestThroughRouter(Object(Illuminate\Http\Request))
#36 D:\xampp\htdocs\ql_sinhvien\qlsinhvien\trunk\public\index.php(53): Illuminate\Foundation\Http\Kernel->handle(Object(Illuminate\Http\Request))
#37 {main}  
[2015-05-18 15:55:41] local.ERROR: exception 'Symfony\Component\Debug\Exception\FatalErrorException' with message 'Class 'HTML' not found' in D:\xampp\htdocs\ql_sinhvien\qlsinhvien\trunk\storage\framework\views\fdcac0a830a84b6d8ba73cb0a6e0d772:41
Stack trace:
#0 {main}  
[2015-05-18 16:01:42] local.ERROR: exception 'Symfony\Component\Debug\Exception\FatalErrorException' with message 'Class 'HTML' not found' in D:\xampp\htdocs\ql_sinhvien\qlsinhvien\trunk\storage\framework\views\fdcac0a830a84b6d8ba73cb0a6e0d772:41
Stack trace:
#0 {main}  
[2015-05-18 16:02:43] local.ERROR: exception 'Symfony\Component\Debug\Exception\FatalErrorException' with message 'Class 'Illuminate\Html\HtmlServiceProvider' not found' in D:\xampp\htdocs\ql_sinhvien\qlsinhvien\trunk\vendor\compiled.php:6466
Stack trace:
#0 {main}  
