[2015-05-12 05:04:14] local.ERROR: exception 'Symfony\Component\Debug\Exception\FatalErrorException' with message 'Class 'Khoa' not found' in D:\xampp\htdocs\ql_sinhvien\qlsinhvien\trunk\app\Http\routes.php:24
Stack trace:
#0 {main}  
[2015-05-12 05:04:21] local.ERROR: exception 'Symfony\Component\Debug\Exception\FatalErrorException' with message 'Class 'Khoa' not found' in D:\xampp\htdocs\ql_sinhvien\qlsinhvien\trunk\app\Http\routes.php:24
Stack trace:
#0 {main}  
[2015-05-12 05:04:41] local.ERROR: exception 'InvalidArgumentException' with message 'Command "dump-autoload" is not defined.' in D:\xampp\htdocs\ql_sinhvien\qlsinhvien\trunk\vendor\symfony\console\Symfony\Component\Console\Application.php:549
Stack trace:
#0 D:\xampp\htdocs\ql_sinhvien\qlsinhvien\trunk\vendor\symfony\console\Symfony\Component\Console\Application.php(192): Symfony\Component\Console\Application->find('dump-autoload')
#1 D:\xampp\htdocs\ql_sinhvien\qlsinhvien\trunk\vendor\symfony\console\Symfony\Component\Console\Application.php(126): Symfony\Component\Console\Application->doRun(Object(Symfony\Component\Console\Input\ArgvInput), Object(Symfony\Component\Console\Output\ConsoleOutput))
#2 D:\xampp\htdocs\ql_sinhvien\qlsinhvien\trunk\vendor\laravel\framework\src\Illuminate\Foundation\Console\Kernel.php(90): Symfony\Component\Console\Application->run(Object(Symfony\Component\Console\Input\ArgvInput), Object(Symfony\Component\Console\Output\ConsoleOutput))
#3 D:\xampp\htdocs\ql_sinhvien\qlsinhvien\trunk\artisan(36): Illuminate\Foundation\Console\Kernel->handle(Object(Symfony\Component\Console\Input\ArgvInput), Object(Symfony\Component\Console\Output\ConsoleOutput))
#4 {main}  
[2015-05-12 05:10:07] local.ERROR: exception 'Symfony\Component\Debug\Exception\FatalErrorException' with message 'Class 'Khoa' not found' in D:\xampp\htdocs\ql_sinhvien\qlsinhvien\trunk\app\Http\routes.php:24
Stack trace:
#0 {main}  
[2015-05-12 05:10:13] local.ERROR: exception 'Symfony\Component\Debug\Exception\FatalErrorException' with message 'Class 'Khoa' not found' in D:\xampp\htdocs\ql_sinhvien\qlsinhvien\trunk\app\Http\routes.php:24
Stack trace:
#0 {main}  
[2015-05-12 05:10:43] local.ERROR: exception 'Symfony\Component\Debug\Exception\FatalErrorException' with message 'syntax error, unexpected 'use' (T_USE)' in D:\xampp\htdocs\ql_sinhvien\qlsinhvien\trunk\app\Http\routes.php:24
Stack trace:
#0 {main}  
[2015-05-12 05:10:50] local.ERROR: exception 'PDOException' with message 'SQLSTATE[HY000] [1045] Access denied for user 'homestead'@'localhost' (using password: YES)' in D:\xampp\htdocs\ql_sinhvien\qlsinhvien\trunk\vendor\laravel\framework\src\Illuminate\Database\Connectors\Connector.php:47
Stack trace:
#0 D:\xampp\htdocs\ql_sinhvien\qlsinhvien\trunk\vendor\laravel\framework\src\Illuminate\Database\Connectors\Connector.php(47): PDO->__construct('mysql:host=loca...', 'homestead', 'secret', Array)
#1 D:\xampp\htdocs\ql_sinhvien\qlsinhvien\trunk\vendor\laravel\framework\src\Illuminate\Database\Connectors\MySqlConnector.php(20): Illuminate\Database\Connectors\Connector->createConnection('mysql:host=loca...', Array, Array)
#2 D:\xampp\htdocs\ql_sinhvien\qlsinhvien\trunk\vendor\compiled.php(10673): Illuminate\Database\Connectors\MySqlConnector->connect(Array)
#3 D:\xampp\htdocs\ql_sinhvien\qlsinhvien\trunk\vendor\compiled.php(10669): Illuminate\Database\Connectors\ConnectionFactory->createSingleConnection(Array)
#4 D:\xampp\htdocs\ql_sinhvien\qlsinhvien\trunk\vendor\compiled.php(10587): Illuminate\Database\Connectors\ConnectionFactory->make(Array, 'mysql')
#5 D:\xampp\htdocs\ql_sinhvien\qlsinhvien\trunk\vendor\compiled.php(10542): Illuminate\Database\DatabaseManager->makeConnection('mysql')
#6 D:\xampp\htdocs\ql_sinhvien\qlsinhvien\trunk\vendor\compiled.php(10434): Illuminate\Database\DatabaseManager->connection(NULL)
#7 D:\xampp\htdocs\ql_sinhvien\qlsinhvien\trunk\vendor\compiled.php(10421): Illuminate\Database\Eloquent\Model::resolveConnection(NULL)
#8 D:\xampp\htdocs\ql_sinhvien\qlsinhvien\trunk\vendor\compiled.php(9921): Illuminate\Database\Eloquent\Model->getConnection()
#9 D:\xampp\htdocs\ql_sinhvien\qlsinhvien\trunk\vendor\compiled.php(9898): Illuminate\Database\Eloquent\Model->newBaseQueryBuilder()
#10 D:\xampp\htdocs\ql_sinhvien\qlsinhvien\trunk\vendor\compiled.php(9888): Illuminate\Database\Eloquent\Model->newQueryWithoutScopes()
#11 D:\xampp\htdocs\ql_sinhvien\qlsinhvien\trunk\vendor\compiled.php(9446): Illuminate\Database\Eloquent\Model->newQuery()
#12 D:\xampp\htdocs\ql_sinhvien\qlsinhvien\trunk\app\Http\routes.php(25): Illuminate\Database\Eloquent\Model::all()
#13 [internal function]: App\Providers\RouteServiceProvider->{closure}()
#14 D:\xampp\htdocs\ql_sinhvien\qlsinhvien\trunk\vendor\compiled.php(7298): call_user_func_array(Object(Closure), Array)
#15 D:\xampp\htdocs\ql_sinhvien\qlsinhvien\trunk\vendor\compiled.php(7285): Illuminate\Routing\Route->runCallable(Object(Illuminate\Http\Request))
#16 D:\xampp\htdocs\ql_sinhvien\qlsinhvien\trunk\vendor\compiled.php(6954): Illuminate\Routing\Route->run(Object(Illuminate\Http\Request))
#17 [internal function]: Illuminate\Routing\Router->Illuminate\Routing\{closure}(Object(Illuminate\Http\Request))
#18 D:\xampp\htdocs\ql_sinhvien\qlsinhvien\trunk\vendor\compiled.php(8952): call_user_func(Object(Closure), Object(Illuminate\Http\Request))
#19 [internal function]: Illuminate\Pipeline\Pipeline->Illuminate\Pipeline\{closure}(Object(Illuminate\Http\Request))
#20 D:\xampp\htdocs\ql_sinhvien\qlsinhvien\trunk\vendor\compiled.php(8935): call_user_func(Object(Closure), Object(Illuminate\Http\Request))
#21 D:\xampp\htdocs\ql_sinhvien\qlsinhvien\trunk\vendor\compiled.php(6955): Illuminate\Pipeline\Pipeline->then(Object(Closure))
#22 D:\xampp\htdocs\ql_sinhvien\qlsinhvien\trunk\vendor\compiled.php(6944): Illuminate\Routing\Router->runRouteWithinStack(Object(Illuminate\Routing\Route), Object(Illuminate\Http\Request))
#23 D:\xampp\htdocs\ql_sinhvien\qlsinhvien\trunk\vendor\compiled.php(6929): Illuminate\Routing\Router->dispatchToRoute(Object(Illuminate\Http\Request))
#24 D:\xampp\htdocs\ql_sinhvien\qlsinhvien\trunk\vendor\compiled.php(1935): Illuminate\Routing\Router->dispatch(Object(Illuminate\Http\Request))
#25 [internal function]: Illuminate\Foundation\Http\Kernel->Illuminate\Foundation\Http\{closure}(Object(Illuminate\Http\Request))
#26 D:\xampp\htdocs\ql_sinhvien\qlsinhvien\trunk\vendor\compiled.php(8952): call_user_func(Object(Closure), Object(Illuminate\Http\Request))
#27 D:\xampp\htdocs\ql_sinhvien\qlsinhvien\trunk\vendor\compiled.php(2438): Illuminate\Pipeline\Pipeline->Illuminate\Pipeline\{closure}(Object(Illuminate\Http\Request))
#28 D:\xampp\htdocs\ql_sinhvien\qlsinhvien\trunk\app\Http\Middleware\VerifyCsrfToken.php(17): Illuminate\Foundation\Http\Middleware\VerifyCsrfToken->handle(Object(Illuminate\Http\Request), Object(Closure))
#29 D:\xampp\htdocs\ql_sinhvien\qlsinhvien\trunk\vendor\compiled.php(8944): App\Http\Middleware\VerifyCsrfToken->handle(Object(Illuminate\Http\Request), Object(Closure))
#30 D:\xampp\htdocs\ql_sinhvien\qlsinhvien\trunk\vendor\compiled.php(12083): Illuminate\Pipeline\Pipeline->Illuminate\Pipeline\{closure}(Object(Illuminate\Http\Request))
#31 D:\xampp\htdocs\ql_sinhvien\qlsinhvien\trunk\vendor\compiled.php(8944): Illuminate\View\Middleware\ShareErrorsFromSession->handle(Object(Illuminate\Http\Request), Object(Closure))
#32 D:\xampp\htdocs\ql_sinhvien\qlsinhvien\trunk\vendor\compiled.php(10785): Illuminate\Pipeline\Pipeline->Illuminate\Pipeline\{closure}(Object(Illuminate\Http\Request))
#33 D:\xampp\htdocs\ql_sinhvien\qlsinhvien\trunk\vendor\compiled.php(8944): Illuminate\Session\Middleware\StartSession->handle(Object(Illuminate\Http\Request), Object(Closure))
#34 D:\xampp\htdocs\ql_sinhvien\qlsinhvien\trunk\vendor\compiled.php(11789): Illuminate\Pipeline\Pipeline->Illuminate\Pipeline\{closure}(Object(Illuminate\Http\Request))
#35 D:\xampp\htdocs\ql_sinhvien\qlsinhvien\trunk\vendor\compiled.php(8944): Illuminate\Cookie\Middleware\AddQueuedCookiesToResponse->handle(Object(Illuminate\Http\Request), Object(Closure))
#36 D:\xampp\htdocs\ql_sinhvien\qlsinhvien\trunk\vendor\compiled.php(11738): Illuminate\Pipeline\Pipeline->Illuminate\Pipeline\{closure}(Object(Illuminate\Http\Request))
#37 D:\xampp\htdocs\ql_sinhvien\qlsinhvien\trunk\vendor\compiled.php(8944): Illuminate\Cookie\Middleware\EncryptCookies->handle(Object(Illuminate\Http\Request), Object(Closure))
#38 D:\xampp\htdocs\ql_sinhvien\qlsinhvien\trunk\vendor\compiled.php(2478): Illuminate\Pipeline\Pipeline->Illuminate\Pipeline\{closure}(Object(Illuminate\Http\Request))
#39 D:\xampp\htdocs\ql_sinhvien\qlsinhvien\trunk\vendor\compiled.php(8944): Illuminate\Foundation\Http\Middleware\CheckForMaintenanceMode->handle(Object(Illuminate\Http\Request), Object(Closure))
#40 [internal function]: Illuminate\Pipeline\Pipeline->Illuminate\Pipeline\{closure}(Object(Illuminate\Http\Request))
#41 D:\xampp\htdocs\ql_sinhvien\qlsinhvien\trunk\vendor\compiled.php(8935): call_user_func(Object(Closure), Object(Illuminate\Http\Request))
#42 D:\xampp\htdocs\ql_sinhvien\qlsinhvien\trunk\vendor\compiled.php(1891): Illuminate\Pipeline\Pipeline->then(Object(Closure))
#43 D:\xampp\htdocs\ql_sinhvien\qlsinhvien\trunk\vendor\compiled.php(1880): Illuminate\Foundation\Http\Kernel->sendRequestThroughRouter(Object(Illuminate\Http\Request))
#44 D:\xampp\htdocs\ql_sinhvien\qlsinhvien\trunk\public\index.php(53): Illuminate\Foundation\Http\Kernel->handle(Object(Illuminate\Http\Request))
#45 {main}  
[2015-05-12 05:11:39] local.ERROR: exception 'PDOException' with message 'SQLSTATE[HY000] [1045] Access denied for user 'root'@'localhost' (using password: YES)' in D:\xampp\htdocs\ql_sinhvien\qlsinhvien\trunk\vendor\laravel\framework\src\Illuminate\Database\Connectors\Connector.php:47
Stack trace:
#0 D:\xampp\htdocs\ql_sinhvien\qlsinhvien\trunk\vendor\laravel\framework\src\Illuminate\Database\Connectors\Connector.php(47): PDO->__construct('mysql:host=loca...', 'root', '=', Array)
#1 D:\xampp\htdocs\ql_sinhvien\qlsinhvien\trunk\vendor\laravel\framework\src\Illuminate\Database\Connectors\MySqlConnector.php(20): Illuminate\Database\Connectors\Connector->createConnection('mysql:host=loca...', Array, Array)
#2 D:\xampp\htdocs\ql_sinhvien\qlsinhvien\trunk\vendor\compiled.php(10673): Illuminate\Database\Connectors\MySqlConnector->connect(Array)
#3 D:\xampp\htdocs\ql_sinhvien\qlsinhvien\trunk\vendor\compiled.php(10669): Illuminate\Database\Connectors\ConnectionFactory->createSingleConnection(Array)
#4 D:\xampp\htdocs\ql_sinhvien\qlsinhvien\trunk\vendor\compiled.php(10587): Illuminate\Database\Connectors\ConnectionFactory->make(Array, 'mysql')
#5 D:\xampp\htdocs\ql_sinhvien\qlsinhvien\trunk\vendor\compiled.php(10542): Illuminate\Database\DatabaseManager->makeConnection('mysql')
#6 D:\xampp\htdocs\ql_sinhvien\qlsinhvien\trunk\vendor\compiled.php(10434): Illuminate\Database\DatabaseManager->connection(NULL)
#7 D:\xampp\htdocs\ql_sinhvien\qlsinhvien\trunk\vendor\compiled.php(10421): Illuminate\Database\Eloquent\Model::resolveConnection(NULL)
#8 D:\xampp\htdocs\ql_sinhvien\qlsinhvien\trunk\vendor\compiled.php(9921): Illuminate\Database\Eloquent\Model->getConnection()
#9 D:\xampp\htdocs\ql_sinhvien\qlsinhvien\trunk\vendor\compiled.php(9898): Illuminate\Database\Eloquent\Model->newBaseQueryBuilder()
#10 D:\xampp\htdocs\ql_sinhvien\qlsinhvien\trunk\vendor\compiled.php(9888): Illuminate\Database\Eloquent\Model->newQueryWithoutScopes()
#11 D:\xampp\htdocs\ql_sinhvien\qlsinhvien\trunk\vendor\compiled.php(9446): Illuminate\Database\Eloquent\Model->newQuery()
#12 D:\xampp\htdocs\ql_sinhvien\qlsinhvien\trunk\app\Http\routes.php(24): Illuminate\Database\Eloquent\Model::all()
#13 [internal function]: App\Providers\RouteServiceProvider->{closure}()
#14 D:\xampp\htdocs\ql_sinhvien\qlsinhvien\trunk\vendor\compiled.php(7298): call_user_func_array(Object(Closure), Array)
#15 D:\xampp\htdocs\ql_sinhvien\qlsinhvien\trunk\vendor\compiled.php(7285): Illuminate\Routing\Route->runCallable(Object(Illuminate\Http\Request))
#16 D:\xampp\htdocs\ql_sinhvien\qlsinhvien\trunk\vendor\compiled.php(6954): Illuminate\Routing\Route->run(Object(Illuminate\Http\Request))
#17 [internal function]: Illuminate\Routing\Router->Illuminate\Routing\{closure}(Object(Illuminate\Http\Request))
#18 D:\xampp\htdocs\ql_sinhvien\qlsinhvien\trunk\vendor\compiled.php(8952): call_user_func(Object(Closure), Object(Illuminate\Http\Request))
#19 [internal function]: Illuminate\Pipeline\Pipeline->Illuminate\Pipeline\{closure}(Object(Illuminate\Http\Request))
#20 D:\xampp\htdocs\ql_sinhvien\qlsinhvien\trunk\vendor\compiled.php(8935): call_user_func(Object(Closure), Object(Illuminate\Http\Request))
#21 D:\xampp\htdocs\ql_sinhvien\qlsinhvien\trunk\vendor\compiled.php(6955): Illuminate\Pipeline\Pipeline->then(Object(Closure))
#22 D:\xampp\htdocs\ql_sinhvien\qlsinhvien\trunk\vendor\compiled.php(6944): Illuminate\Routing\Router->runRouteWithinStack(Object(Illuminate\Routing\Route), Object(Illuminate\Http\Request))
#23 D:\xampp\htdocs\ql_sinhvien\qlsinhvien\trunk\vendor\compiled.php(6929): Illuminate\Routing\Router->dispatchToRoute(Object(Illuminate\Http\Request))
#24 D:\xampp\htdocs\ql_sinhvien\qlsinhvien\trunk\vendor\compiled.php(1935): Illuminate\Routing\Router->dispatch(Object(Illuminate\Http\Request))
#25 [internal function]: Illuminate\Foundation\Http\Kernel->Illuminate\Foundation\Http\{closure}(Object(Illuminate\Http\Request))
#26 D:\xampp\htdocs\ql_sinhvien\qlsinhvien\trunk\vendor\compiled.php(8952): call_user_func(Object(Closure), Object(Illuminate\Http\Request))
#27 D:\xampp\htdocs\ql_sinhvien\qlsinhvien\trunk\vendor\compiled.php(2438): Illuminate\Pipeline\Pipeline->Illuminate\Pipeline\{closure}(Object(Illuminate\Http\Request))
#28 D:\xampp\htdocs\ql_sinhvien\qlsinhvien\trunk\app\Http\Middleware\VerifyCsrfToken.php(17): Illuminate\Foundation\Http\Middleware\VerifyCsrfToken->handle(Object(Illuminate\Http\Request), Object(Closure))
#29 D:\xampp\htdocs\ql_sinhvien\qlsinhvien\trunk\vendor\compiled.php(8944): App\Http\Middleware\VerifyCsrfToken->handle(Object(Illuminate\Http\Request), Object(Closure))
#30 D:\xampp\htdocs\ql_sinhvien\qlsinhvien\trunk\vendor\compiled.php(12083): Illuminate\Pipeline\Pipeline->Illuminate\Pipeline\{closure}(Object(Illuminate\Http\Request))
#31 D:\xampp\htdocs\ql_sinhvien\qlsinhvien\trunk\vendor\compiled.php(8944): Illuminate\View\Middleware\ShareErrorsFromSession->handle(Object(Illuminate\Http\Request), Object(Closure))
#32 D:\xampp\htdocs\ql_sinhvien\qlsinhvien\trunk\vendor\compiled.php(10785): Illuminate\Pipeline\Pipeline->Illuminate\Pipeline\{closure}(Object(Illuminate\Http\Request))
#33 D:\xampp\htdocs\ql_sinhvien\qlsinhvien\trunk\vendor\compiled.php(8944): Illuminate\Session\Middleware\StartSession->handle(Object(Illuminate\Http\Request), Object(Closure))
#34 D:\xampp\htdocs\ql_sinhvien\qlsinhvien\trunk\vendor\compiled.php(11789): Illuminate\Pipeline\Pipeline->Illuminate\Pipeline\{closure}(Object(Illuminate\Http\Request))
#35 D:\xampp\htdocs\ql_sinhvien\qlsinhvien\trunk\vendor\compiled.php(8944): Illuminate\Cookie\Middleware\AddQueuedCookiesToResponse->handle(Object(Illuminate\Http\Request), Object(Closure))
#36 D:\xampp\htdocs\ql_sinhvien\qlsinhvien\trunk\vendor\compiled.php(11738): Illuminate\Pipeline\Pipeline->Illuminate\Pipeline\{closure}(Object(Illuminate\Http\Request))
#37 D:\xampp\htdocs\ql_sinhvien\qlsinhvien\trunk\vendor\compiled.php(8944): Illuminate\Cookie\Middleware\EncryptCookies->handle(Object(Illuminate\Http\Request), Object(Closure))
#38 D:\xampp\htdocs\ql_sinhvien\qlsinhvien\trunk\vendor\compiled.php(2478): Illuminate\Pipeline\Pipeline->Illuminate\Pipeline\{closure}(Object(Illuminate\Http\Request))
#39 D:\xampp\htdocs\ql_sinhvien\qlsinhvien\trunk\vendor\compiled.php(8944): Illuminate\Foundation\Http\Middleware\CheckForMaintenanceMode->handle(Object(Illuminate\Http\Request), Object(Closure))
#40 [internal function]: Illuminate\Pipeline\Pipeline->Illuminate\Pipeline\{closure}(Object(Illuminate\Http\Request))
#41 D:\xampp\htdocs\ql_sinhvien\qlsinhvien\trunk\vendor\compiled.php(8935): call_user_func(Object(Closure), Object(Illuminate\Http\Request))
#42 D:\xampp\htdocs\ql_sinhvien\qlsinhvien\trunk\vendor\compiled.php(1891): Illuminate\Pipeline\Pipeline->then(Object(Closure))
#43 D:\xampp\htdocs\ql_sinhvien\qlsinhvien\trunk\vendor\compiled.php(1880): Illuminate\Foundation\Http\Kernel->sendRequestThroughRouter(Object(Illuminate\Http\Request))
#44 D:\xampp\htdocs\ql_sinhvien\qlsinhvien\trunk\public\index.php(53): Illuminate\Foundation\Http\Kernel->handle(Object(Illuminate\Http\Request))
#45 {main}  
